# project noname (0.0.1) configured on Sat Mar 24 05:45:23 2012 by
# waf 1.5.16 (abi 7, python 20701f0 on darwin)
# using /usr/local/bin/node-waf configure build
#

----------------------------------------
Setting blddir to
/Users/Jackey/Workspace/node.js/addons/helloworld/build

----------------------------------------
Checking for program g++ or c++
  find program=['g++', 'c++'] paths=[] var='CXX'
  -> '/usr/bin/g++'

----------------------------------------
Checking for program cpp
  find program=['cpp'] paths=[] var='CPP'
  -> '/usr/bin/cpp'

----------------------------------------
Checking for program ar
  find program=['ar'] paths=[] var='AR'
  -> '/usr/bin/ar'

----------------------------------------
Checking for program ranlib
  find program=['ranlib'] paths=[] var='RANLIB'
  -> '/usr/bin/ranlib'

----------------------------------------
Checking for g++ 
ok 

----------------------------------------
Checking for node path 
ok /Users/Jackey/.node_libraries

----------------------------------------
Checking for node prefix 
ok /usr/local/Cellar/node/0.4.10
